[2020-06-19 18:04:26][debug][notice]:[Undefined offset: 2 at file:/data/wwwroot/default/open.pipirui.cn/App/HttpController/Api/Hdk.php line:26]
[2020-06-19 18:04:26][debug][notice]:[Undefined index: ssss at file:/data/wwwroot/default/open.pipirui.cn/App/HttpController/Api/Hdk.php line:64]
[2020-06-19 18:04:26][debug][notice]:[Undefined index: ssss at file:/data/wwwroot/default/open.pipirui.cn/App/HttpController/Api/Hdk.php line:64]
[2020-06-19 18:04:26][debug][notice]:[Undefined index: ssss at file:/data/wwwroot/default/open.pipirui.cn/App/HttpController/Api/Hdk.php line:64]
[2020-06-19 18:04:26][debug][notice]:[Undefined index: ssss at file:/data/wwwroot/default/open.pipirui.cn/App/HttpController/Api/Hdk.php line:64]
[2020-06-19 18:04:26][debug][notice]:[Undefined index: ssss at file:/data/wwwroot/default/open.pipirui.cn/App/HttpController/Api/Hdk.php line:64]
[2020-06-19 18:04:26][debug][notice]:[Undefined index: ssss at file:/data/wwwroot/default/open.pipirui.cn/App/HttpController/Api/Hdk.php line:64]
[2020-06-19 18:04:26][debug][notice]:[Undefined index: ssss at file:/data/wwwroot/default/open.pipirui.cn/App/HttpController/Api/Hdk.php line:64]
[2020-06-19 18:04:26][debug][notice]:[Undefined index: ssss at file:/data/wwwroot/default/open.pipirui.cn/App/HttpController/Api/Hdk.php line:64]
[2020-06-19 18:04:26][debug][notice]:[Undefined index: ssss at file:/data/wwwroot/default/open.pipirui.cn/App/HttpController/Api/Hdk.php line:64]
[2020-06-19 18:04:26][debug][notice]:[Undefined index: ssss at file:/data/wwwroot/default/open.pipirui.cn/App/HttpController/Api/Hdk.php line:64]
[2020-06-19 18:04:26][debug][notice]:[Undefined index: ssss at file:/data/wwwroot/default/open.pipirui.cn/App/HttpController/Api/Hdk.php line:64]
[2020-06-19 18:04:26][debug][notice]:[Undefined index: ssss at file:/data/wwwroot/default/open.pipirui.cn/App/HttpController/Api/Hdk.php line:64]
[2020-06-19 18:04:26][debug][notice]:[Undefined index: ssss at file:/data/wwwroot/default/open.pipirui.cn/App/HttpController/Api/Hdk.php line:64]
[2020-06-19 18:04:26][debug][notice]:[Undefined index: ssss at file:/data/wwwroot/default/open.pipirui.cn/App/HttpController/Api/Hdk.php line:64]
[2020-06-19 18:04:26][debug][notice]:[Undefined index: ssss at file:/data/wwwroot/default/open.pipirui.cn/App/HttpController/Api/Hdk.php line:64]
[2020-06-19 18:04:26][debug][notice]:[Undefined index: ssss at file:/data/wwwroot/default/open.pipirui.cn/App/HttpController/Api/Hdk.php line:64]
[2020-06-19 18:04:26][debug][notice]:[Undefined index: ssss at file:/data/wwwroot/default/open.pipirui.cn/App/HttpController/Api/Hdk.php line:64]
[2020-06-19 18:04:26][debug][notice]:[Undefined index: ssss at file:/data/wwwroot/default/open.pipirui.cn/App/HttpController/Api/Hdk.php line:64]
[2020-06-19 18:04:26][debug][notice]:[Undefined index: ssss at file:/data/wwwroot/default/open.pipirui.cn/App/HttpController/Api/Hdk.php line:64]
[2020-06-19 18:04:26][debug][notice]:[Undefined index: ssss at file:/data/wwwroot/default/open.pipirui.cn/App/HttpController/Api/Hdk.php line:64]
[2020-06-19 18:04:36][debug][notice]:[Undefined offset: 2 at file:/data/wwwroot/default/open.pipirui.cn/App/HttpController/Api/Hdk.php line:26]
[2020-06-19 18:04:36][debug][notice]:[Undefined index: ssss at file:/data/wwwroot/default/open.pipirui.cn/App/HttpController/Api/Hdk.php line:64]
[2020-06-19 18:04:36][debug][notice]:[Undefined index: ssss at file:/data/wwwroot/default/open.pipirui.cn/App/HttpController/Api/Hdk.php line:64]
[2020-06-19 18:04:36][debug][notice]:[Undefined index: ssss at file:/data/wwwroot/default/open.pipirui.cn/App/HttpController/Api/Hdk.php line:64]
[2020-06-19 18:04:36][debug][notice]:[Undefined index: ssss at file:/data/wwwroot/default/open.pipirui.cn/App/HttpController/Api/Hdk.php line:64]
[2020-06-19 18:04:36][debug][notice]:[Undefined index: ssss at file:/data/wwwroot/default/open.pipirui.cn/App/HttpController/Api/Hdk.php line:64]
[2020-06-19 18:04:36][debug][notice]:[Undefined index: ssss at file:/data/wwwroot/default/open.pipirui.cn/App/HttpController/Api/Hdk.php line:64]
[2020-06-19 18:04:36][debug][notice]:[Undefined index: ssss at file:/data/wwwroot/default/open.pipirui.cn/App/HttpController/Api/Hdk.php line:64]
[2020-06-19 18:04:36][debug][notice]:[Undefined index: ssss at file:/data/wwwroot/default/open.pipirui.cn/App/HttpController/Api/Hdk.php line:64]
[2020-06-19 18:04:36][debug][notice]:[Undefined index: ssss at file:/data/wwwroot/default/open.pipirui.cn/App/HttpController/Api/Hdk.php line:64]
[2020-06-19 18:04:36][debug][notice]:[Undefined index: ssss at file:/data/wwwroot/default/open.pipirui.cn/App/HttpController/Api/Hdk.php line:64]
[2020-06-19 18:04:36][debug][notice]:[Undefined index: ssss at file:/data/wwwroot/default/open.pipirui.cn/App/HttpController/Api/Hdk.php line:64]
[2020-06-19 18:04:36][debug][notice]:[Undefined index: ssss at file:/data/wwwroot/default/open.pipirui.cn/App/HttpController/Api/Hdk.php line:64]
[2020-06-19 18:04:36][debug][notice]:[Undefined index: ssss at file:/data/wwwroot/default/open.pipirui.cn/App/HttpController/Api/Hdk.php line:64]
[2020-06-19 18:04:36][debug][notice]:[Undefined index: ssss at file:/data/wwwroot/default/open.pipirui.cn/App/HttpController/Api/Hdk.php line:64]
[2020-06-19 18:04:36][debug][notice]:[Undefined index: ssss at file:/data/wwwroot/default/open.pipirui.cn/App/HttpController/Api/Hdk.php line:64]
[2020-06-19 18:04:36][debug][notice]:[Undefined index: ssss at file:/data/wwwroot/default/open.pipirui.cn/App/HttpController/Api/Hdk.php line:64]
[2020-06-19 18:04:36][debug][notice]:[Undefined index: ssss at file:/data/wwwroot/default/open.pipirui.cn/App/HttpController/Api/Hdk.php line:64]
[2020-06-19 18:04:36][debug][notice]:[Undefined index: ssss at file:/data/wwwroot/default/open.pipirui.cn/App/HttpController/Api/Hdk.php line:64]
[2020-06-19 18:04:36][debug][notice]:[Undefined index: ssss at file:/data/wwwroot/default/open.pipirui.cn/App/HttpController/Api/Hdk.php line:64]
[2020-06-19 18:04:36][debug][notice]:[Undefined index: ssss at file:/data/wwwroot/default/open.pipirui.cn/App/HttpController/Api/Hdk.php line:64]
[2020-06-20 09:11:49][debug][notice]:[Undefined offset: 2 at file:/data/wwwroot/default/open.pipirui.cn/App/HttpController/Api/Hdk.php line:26]
[2020-06-20 09:11:49][debug][notice]:[Undefined index: ssss at file:/data/wwwroot/default/open.pipirui.cn/App/HttpController/Api/Hdk.php line:64]
[2020-06-20 09:11:49][debug][notice]:[Undefined index: ssss at file:/data/wwwroot/default/open.pipirui.cn/App/HttpController/Api/Hdk.php line:64]
[2020-06-20 09:11:49][debug][notice]:[Undefined index: ssss at file:/data/wwwroot/default/open.pipirui.cn/App/HttpController/Api/Hdk.php line:64]
[2020-06-20 09:11:49][debug][notice]:[Undefined index: ssss at file:/data/wwwroot/default/open.pipirui.cn/App/HttpController/Api/Hdk.php line:64]
[2020-06-20 09:11:49][debug][notice]:[Undefined index: ssss at file:/data/wwwroot/default/open.pipirui.cn/App/HttpController/Api/Hdk.php line:64]
[2020-06-20 09:11:49][debug][notice]:[Undefined index: ssss at file:/data/wwwroot/default/open.pipirui.cn/App/HttpController/Api/Hdk.php line:64]
[2020-06-20 09:11:49][debug][notice]:[Undefined index: ssss at file:/data/wwwroot/default/open.pipirui.cn/App/HttpController/Api/Hdk.php line:64]
[2020-06-20 09:11:49][debug][notice]:[Undefined index: ssss at file:/data/wwwroot/default/open.pipirui.cn/App/HttpController/Api/Hdk.php line:64]
[2020-06-20 09:11:49][debug][notice]:[Undefined index: ssss at file:/data/wwwroot/default/open.pipirui.cn/App/HttpController/Api/Hdk.php line:64]
[2020-06-20 09:11:49][debug][notice]:[Undefined index: ssss at file:/data/wwwroot/default/open.pipirui.cn/App/HttpController/Api/Hdk.php line:64]
[2020-06-20 09:11:49][debug][notice]:[Undefined index: ssss at file:/data/wwwroot/default/open.pipirui.cn/App/HttpController/Api/Hdk.php line:64]
[2020-06-20 09:11:49][debug][notice]:[Undefined index: ssss at file:/data/wwwroot/default/open.pipirui.cn/App/HttpController/Api/Hdk.php line:64]
[2020-06-20 09:11:49][debug][notice]:[Undefined index: ssss at file:/data/wwwroot/default/open.pipirui.cn/App/HttpController/Api/Hdk.php line:64]
[2020-06-20 09:11:49][debug][notice]:[Undefined index: ssss at file:/data/wwwroot/default/open.pipirui.cn/App/HttpController/Api/Hdk.php line:64]
[2020-06-20 09:11:49][debug][notice]:[Undefined index: ssss at file:/data/wwwroot/default/open.pipirui.cn/App/HttpController/Api/Hdk.php line:64]
[2020-06-20 09:11:49][debug][notice]:[Undefined index: ssss at file:/data/wwwroot/default/open.pipirui.cn/App/HttpController/Api/Hdk.php line:64]
[2020-06-20 09:11:49][debug][notice]:[Undefined index: ssss at file:/data/wwwroot/default/open.pipirui.cn/App/HttpController/Api/Hdk.php line:64]
[2020-06-20 09:11:49][debug][notice]:[Undefined index: ssss at file:/data/wwwroot/default/open.pipirui.cn/App/HttpController/Api/Hdk.php line:64]
[2020-06-20 09:11:49][debug][notice]:[Undefined index: ssss at file:/data/wwwroot/default/open.pipirui.cn/App/HttpController/Api/Hdk.php line:64]
[2020-06-20 09:11:49][debug][notice]:[Undefined index: ssss at file:/data/wwwroot/default/open.pipirui.cn/App/HttpController/Api/Hdk.php line:64]
[2020-06-20 09:14:59][debug][notice]:[Undefined offset: 2 at file:/data/wwwroot/default/open.pipirui.cn/App/HttpController/Api/Hdk.php line:26]
[2020-06-20 09:14:59][debug][notice]:[Undefined index: ssss at file:/data/wwwroot/default/open.pipirui.cn/App/HttpController/Api/Hdk.php line:64]
[2020-06-20 09:14:59][debug][notice]:[Undefined index: ssss at file:/data/wwwroot/default/open.pipirui.cn/App/HttpController/Api/Hdk.php line:64]
[2020-06-20 09:14:59][debug][notice]:[Undefined index: ssss at file:/data/wwwroot/default/open.pipirui.cn/App/HttpController/Api/Hdk.php line:64]
[2020-06-20 09:14:59][debug][notice]:[Undefined index: ssss at file:/data/wwwroot/default/open.pipirui.cn/App/HttpController/Api/Hdk.php line:64]
[2020-06-20 09:14:59][debug][notice]:[Undefined index: ssss at file:/data/wwwroot/default/open.pipirui.cn/App/HttpController/Api/Hdk.php line:64]
[2020-06-20 09:14:59][debug][notice]:[Undefined index: ssss at file:/data/wwwroot/default/open.pipirui.cn/App/HttpController/Api/Hdk.php line:64]
[2020-06-20 09:14:59][debug][notice]:[Undefined index: ssss at file:/data/wwwroot/default/open.pipirui.cn/App/HttpController/Api/Hdk.php line:64]
[2020-06-20 09:14:59][debug][notice]:[Undefined index: ssss at file:/data/wwwroot/default/open.pipirui.cn/App/HttpController/Api/Hdk.php line:64]
[2020-06-20 09:14:59][debug][notice]:[Undefined index: ssss at file:/data/wwwroot/default/open.pipirui.cn/App/HttpController/Api/Hdk.php line:64]
[2020-06-20 09:14:59][debug][notice]:[Undefined index: ssss at file:/data/wwwroot/default/open.pipirui.cn/App/HttpController/Api/Hdk.php line:64]
[2020-06-20 09:14:59][debug][notice]:[Undefined index: ssss at file:/data/wwwroot/default/open.pipirui.cn/App/HttpController/Api/Hdk.php line:64]
[2020-06-20 09:14:59][debug][notice]:[Undefined index: ssss at file:/data/wwwroot/default/open.pipirui.cn/App/HttpController/Api/Hdk.php line:64]
[2020-06-20 09:14:59][debug][notice]:[Undefined index: ssss at file:/data/wwwroot/default/open.pipirui.cn/App/HttpController/Api/Hdk.php line:64]
[2020-06-20 09:14:59][debug][notice]:[Undefined index: ssss at file:/data/wwwroot/default/open.pipirui.cn/App/HttpController/Api/Hdk.php line:64]
[2020-06-20 09:14:59][debug][notice]:[Undefined index: ssss at file:/data/wwwroot/default/open.pipirui.cn/App/HttpController/Api/Hdk.php line:64]
[2020-06-20 09:14:59][debug][notice]:[Undefined index: ssss at file:/data/wwwroot/default/open.pipirui.cn/App/HttpController/Api/Hdk.php line:64]
[2020-06-20 09:14:59][debug][notice]:[Undefined index: ssss at file:/data/wwwroot/default/open.pipirui.cn/App/HttpController/Api/Hdk.php line:64]
[2020-06-20 09:14:59][debug][notice]:[Undefined index: ssss at file:/data/wwwroot/default/open.pipirui.cn/App/HttpController/Api/Hdk.php line:64]
[2020-06-20 09:14:59][debug][notice]:[Undefined index: ssss at file:/data/wwwroot/default/open.pipirui.cn/App/HttpController/Api/Hdk.php line:64]
[2020-06-20 09:14:59][debug][notice]:[Undefined index: ssss at file:/data/wwwroot/default/open.pipirui.cn/App/HttpController/Api/Hdk.php line:64]
[2020-06-20 09:17:20][debug][notice]:[Undefined offset: 2 at file:/data/wwwroot/default/open.pipirui.cn/App/HttpController/Api/Hdk.php line:26]
[2020-06-20 09:19:35][debug][notice]:[Undefined offset: 2 at file:/data/wwwroot/default/open.pipirui.cn/App/HttpController/Api/Hdk.php line:27]
[2020-06-20 09:22:09][debug][notice]:[Undefined offset: 2 at file:/data/wwwroot/default/open.pipirui.cn/App/HttpController/Api/Hdk.php line:39]
[2020-06-20 09:22:47][debug][notice]:[Undefined offset: 2 at file:/data/wwwroot/default/open.pipirui.cn/App/HttpController/Api/Hdk.php line:39]
[2020-06-20 09:23:47][debug][notice]:[Undefined offset: 2 at file:/data/wwwroot/default/open.pipirui.cn/App/HttpController/Api/Hdk.php line:39]
[2020-06-23 16:23:32][debug][error]:[Uncaught Swoole\Exception: failed to listen server port[0.0.0.0:9501], Error: Address already in use[98] in /data/wwwroot/default/open.pipirui.cn/vendor/easyswoole/easyswoole/src/ServerManager.php:59
Stack trace:
#0 /data/wwwroot/default/open.pipirui.cn/vendor/easyswoole/easyswoole/src/ServerManager.php(59): Swoole\Server->__construct('0.0.0.0', 9501, 2, 1)
#1 /data/wwwroot/default/open.pipirui.cn/vendor/easyswoole/easyswoole/src/Core.php(127): EasySwoole\EasySwoole\ServerManager->createSwooleServer(9501, 2, '0.0.0.0', Array, 2, 1)
#2 /data/wwwroot/default/open.pipirui.cn/vendor/easyswoole/easyswoole/src/Command/DefaultCommand/Start.php(42): EasySwoole\EasySwoole\Core->createServer()
#3 /data/wwwroot/default/open.pipirui.cn/vendor/easyswoole/easyswoole/src/Command/CommandContainer.php(46): EasySwoole\EasySwoole\Command\DefaultCommand\Start->exec(Array)
#4 /data/wwwroot/default/open.pipirui.cn/vendor/easyswoole/easyswoole/src/Command/CommandRunner.php(62): EasySwoole\EasySwoole\Command\CommandContainer->hook(' at file:/data/wwwroot/default/open.pipirui.cn/vendor/easyswoole/easyswoole/src/ServerManager.php line:59]
[2020-06-30 14:45:21][debug][notice]:[Undefined index: mmm at file:/data/wwwroot/default/open.pipirui.cn/App/HttpController/Api/Hdk.php line:32]
[2020-06-30 14:52:25][debug][notice]:[Undefined index: mmm at file:/data/wwwroot/default/open.pipirui.cn/App/HttpController/Api/Hdk.php line:32]
[2020-06-30 14:53:27][debug][notice]:[Undefined index: mmm at file:/data/wwwroot/default/open.pipirui.cn/App/HttpController/Api/Hdk.php line:32]
[2020-06-30 14:53:34][debug][notice]:[Undefined index: mmm at file:/data/wwwroot/default/open.pipirui.cn/App/HttpController/Api/Hdk.php line:32]
[2020-06-30 14:54:08][debug][notice]:[Undefined index: mmm at file:/data/wwwroot/default/open.pipirui.cn/App/HttpController/Api/Hdk.php line:35]
[2020-06-30 14:55:09][debug][notice]:[Undefined index: mmm at file:/data/wwwroot/default/open.pipirui.cn/App/HttpController/Api/Hdk.php line:31]
[2020-06-30 14:56:24][debug][notice]:[Undefined index: mmm at file:/data/wwwroot/default/open.pipirui.cn/App/HttpController/Api/Hdk.php line:37]
[2020-06-30 14:56:52][debug][notice]:[Undefined index: mmm at file:/data/wwwroot/default/open.pipirui.cn/App/HttpController/Api/Hdk.php line:38]
[2020-06-30 14:59:05][debug][notice]:[Undefined index: mmm at file:/data/wwwroot/default/open.pipirui.cn/App/HttpController/Api/Hdk.php line:38]
[2020-06-30 15:10:24][debug][notice]:[Undefined index: mmm at file:/data/wwwroot/default/open.pipirui.cn/App/HttpController/Api/Hdk.php line:36]
[2020-06-30 15:10:48][debug][notice]:[Undefined index: mmm at file:/data/wwwroot/default/open.pipirui.cn/App/HttpController/Api/Hdk.php line:36]
[2020-06-30 15:11:11][debug][notice]:[Undefined index: mmm at file:/data/wwwroot/default/open.pipirui.cn/App/HttpController/Api/Hdk.php line:36]
[2020-06-30 15:31:31][debug][notice]:[Non-static method App\Exception\Exception::handle() should not be called statically at file:/data/wwwroot/default/open.pipirui.cn/vendor/easyswoole/http/src/Dispatcher.php line:60]
[2020-06-30 16:29:36][debug][notice]:[Undefined index: title at file:/data/wwwroot/default/open.pipirui.cn/App/HttpController/Api/Hdk.php line:163]
[2020-06-30 16:29:36][debug][notice]:[Undefined index: num_iid at file:/data/wwwroot/default/open.pipirui.cn/App/HttpController/Api/Hdk.php line:164]
[2020-06-30 16:29:36][debug][notice]:[Undefined index: msg at file:/data/wwwroot/default/open.pipirui.cn/App/HttpController/Api/Hdk.php line:179]
[2020-06-30 17:22:55][debug][notice]:[Undefined property: EasySwoole\Http\Request::$item_id at file:/data/wwwroot/default/open.pipirui.cn/App/HttpController/Api/Hdk.php line:256]
[2020-06-30 18:03:26][debug][notice]:[Undefined index: coupon_url at file:/data/wwwroot/default/open.pipirui.cn/App/HttpController/Api/Hdk.php line:282]
